
R version 4.0.2 (2020-06-22) -- "Taking Off Again"
Copyright (C) 2020 The R Foundation for Statistical Computing
Platform: x86_64-pc-linux-gnu (64-bit)

R is free software and comes with ABSOLUTELY NO WARRANTY.
You are welcome to redistribute it under certain conditions.
Type 'license()' or 'licence()' for distribution details.

  Natural language support but running in an English locale

R is a collaborative project with many contributors.
Type 'contributors()' for more information and
'citation()' on how to cite R or R packages in publications.

Type 'demo()' for some demos, 'help()' for on-line help, or
'help.start()' for an HTML browser interface to help.
Type 'q()' to quit R.

> #RUN LOCALLY
> #nohup R CMD BATCH pubmed/pubmedHitData.R pubmed/output_pubmedhitdata.log &
> #check progress with "jobs"
> #get jobid with "ps -ef | grep HitData"
> #and kill with "kill [PID]"
> 
> .libPaths( c("~/runs/eyu8/library/hackathon", "/cvmfs/soft.computecanada.ca/easybuild/software/2020/avx512/Compiler/gcc9/r-bundle-bioconductor/3.12", "/cvmfs/soft.computecanada.ca/easybuild/software/2020/avx512/Core/r/4.0.2/lib64/R/library"))
> 
> library(data.table)#to store the search results and other data in data tables
> library (dplyr)#to select specific columns from data frames

Attaching package: ‘dplyr’

The following objects are masked from ‘package:data.table’:

    between, first, last

The following objects are masked from ‘package:stats’:

    filter, lag

The following objects are masked from ‘package:base’:

    intersect, setdiff, setequal, union

> library(rentrez)#to search pubmed
> 
> #get the list of genes we are searching for and their loci
> genes_by_locus <- fread("genes_by_locus.csv")
> #store the names separately
> geneNames <- genes_by_locus$GENE
> 
> 
> #search_hits stores the number of search results for each gene
> search_hits <- genes_by_locus
> search_hits$'Pubmed hits' <- 0
> search_hits$'Pubmed hits gene only' <- 0
> 
> #create directories if needed
> dir.create(file.path("results"), showWarnings = FALSE)
> dir.create(file.path("evidence"), showWarnings = FALSE)
> 
> #do a pubmed search for each gene of interest
> for(i in 1:nrow(search_hits))
+ {
+   
+   pubmed_ids <- entrez_search(db="pubmed", term=paste0(geneNames[i], "[Title/Abstract] AND Parkinson's[Title/Abstract]"))
+   #ids <- get_pubmed_ids(paste0(geneNames[i], " AND Parkinson's"))
+   search_hits$'Pubmed hits'[i] <- as.numeric(pubmed_ids$count)
+   
+   
+   pubmed_gene_ids <- entrez_search(db="pubmed", term=paste0(geneNames[i], "[Title/Abstract]"))
+   search_hits$'Pubmed hits gene only'[i] <- as.numeric(pubmed_gene_ids$count)
+   
+   
+   print(paste0(i, " ", geneNames[i]))
+   #close extra connections to keep the loop going
+   if(length(getAllConnections())>3)
+     close.connection(getConnection(3))
+ }
[1] "1 ADAM15"
[1] "2 ADAR"
[1] "3 AQP10"
[1] "4 ARHGEF2"
[1] "5 ASH1L"
[1] "6 ASH1L-AS1"
[1] "7 ATP8B2"
[1] "8 C1orf189"
[1] "9 C1orf43"
[1] "10 CHRNB2"
[1] "11 CKS1B"
[1] "12 CLK2"
[1] "13 CREB3L4"
[1] "14 CRTC2"
[1] "15 DAP3"
[1] "16 DCST1"
[1] "17 DCST1-AS1"
[1] "18 DCST2"
[1] "19 DENND4B"
[1] "20 DPM3"
[1] "21 EFNA1"
[1] "22 EFNA3"
[1] "23 EFNA4"
[1] "24 FAM189B"
[1] "25 FDPS"
[1] "26 FLAD1"
[1] "27 GBA"
[1] "28 GBAP1"
[1] "29 GON4L"
[1] "30 HAX1"
[1] "31 HCN3"
[1] "32 IL6R"
[1] "33 IL6R-AS1"
[1] "34 JTB"
[1] "35 KCNN3"
[1] "36 KHDC4"
[1] "37 KRTCAP2"
[1] "38 LAMTOR2"
[1] "39 LENEP"
[1] "40 LMNA"
[1] "41 LOC101928120"
[1] "42 MEX3A"
[1] "43 MIR190B"
[1] "44 MIR4258"
[1] "45 MIR555"
[1] "46 MIR5698"
[1] "47 MIR6737"
[1] "48 MIR6738"
[1] "49 MIR92B"
[1] "50 MSTO1"
[1] "51 MSTO2P"
[1] "52 MTX1"
[1] "53 MUC1"
[1] "54 NUP210L"
[1] "55 PBXIP1"
[1] "56 PKLR"
[1] "57 PMF1"
[1] "58 PMF1-BGLAP"
[1] "59 PMVK"
[1] "60 POU5F1P4"
[1] "61 PYGO2"
[1] "62 RAB13"
[1] "63 RAB25"
[1] "64 RIT1"
[1] "65 RPS27"
[1] "66 RUSC1"
[1] "67 RUSC1-AS1"
[1] "68 RXFP4"
[1] "69 SCAMP3"
[1] "70 SCARNA26A"
[1] "71 SCARNA26B"
[1] "72 SCARNA4"
[1] "73 SEMA4A"
[1] "74 SHC1"
[1] "75 SHE"
[1] "76 SLC25A44"
[1] "77 SLC39A1"
[1] "78 SLC50A1"
[1] "79 SNORA58B"
[1] "80 SNORA80E"
[1] "81 SSR2"
[1] "82 SYT11"
[1] "83 TDRD10"
[1] "84 THBS3"
[1] "85 TPM3"
[1] "86 TRIM46"
[1] "87 UBAP2L"
[1] "88 UBE2Q1"
[1] "89 UBE2Q1-AS1"
[1] "90 UBQLN4"
[1] "91 YY1AP1"
[1] "92 ZBTB7B"
[1] "93 ADAMTS4"
[1] "94 APOA2"
[1] "95 ARHGAP30"
[1] "96 ATF6"
[1] "97 B4GALT3"
[1] "98 C1orf226"
[1] "99 CD244"
[1] "100 CD48"
[1] "101 CD84"
[1] "102 CFAP126"
[1] "103 DEDD"
[1] "104 DUSP12"
[1] "105 F11R"
[1] "106 FCER1G"
[1] "107 FCGR2A"
[1] "108 FCGR2B"
[1] "109 FCGR2C"
[1] "110 FCGR3A"
[1] "111 FCGR3B"
[1] "112 FCRLA"
[1] "113 FCRLB"
[1] "114 HSPA6"
[1] "115 HSPA7"
[1] "116 ITLN1"
[1] "117 ITLN2"
[1] "118 KLHDC9"
[1] "119 LOC101928372"
[1] "120 LOC112543491"
[1] "121 LY9"
[1] "122 MIR4654"
[1] "123 MIR5187"
[1] "124 MIR556"
[1] "125 MPZ"
[1] "126 NDUFS2"
[1] "127 NECTIN4"
[1] "128 NIT1"
[1] "129 NOS1AP"
[1] "130 NR1I3"
[1] "131 OLFML2B"
[1] "132 PCP4L1"
[1] "133 PFDN2"
[1] "134 PPOX"
[1] "135 RPL31P11"
[1] "136 SDHC"
[1] "137 SH2D1B"
[1] "138 SLAMF1"
[1] "139 SLAMF6"
[1] "140 SLAMF7"
[1] "141 SPATA46"
[1] "142 TOMM40L"
[1] "143 TSTD1"
[1] "144 UFC1"
[1] "145 UHMK1"
[1] "146 USF1"
[1] "147 USP21"
[1] "148 C1orf105"
[1] "149 DNM3"
[1] "150 DNM3-IT1"
[1] "151 DNM3OS"
[1] "152 EEF1AKNMT"
[1] "153 FASLG"
[1] "154 FMO1"
[1] "155 FMO2"
[1] "156 FMO3"
[1] "157 FMO4"
[1] "158 FMO6P"
[1] "159 MIR1295A"
[1] "160 MIR1295B"
[1] "161 MIR199A2"
[1] "162 MIR214"
[1] "163 MIR3120"
[1] "164 MROH9"
[1] "165 MYOC"
[1] "166 MYOCOS"
[1] "167 PIGC"
[1] "168 PRRC2C"
[1] "169 SUCO"
[1] "170 TOP1P1"
[1] "171 VAMP4"
[1] "172 AVPR1B"
[1] "173 BLACAT1"
[1] "174 CDK18"
[1] "175 CNTN2"
[1] "176 CTSE"
[1] "177 DSTYK"
[1] "178 ELK4"
[1] "179 FAM72A"
[1] "180 FAM72C"
[1] "181 IKBKE"
[1] "182 KLHDC8A"
[1] "183 LEMD1"
[1] "184 LEMD1-AS1"
[1] "185 LEMD1-DT"
[1] "186 LOC284581"
[1] "187 MFSD4A"
[1] "188 MFSD4A-AS1"
[1] "189 MIR135B"
[1] "190 MIR6769B"
[1] "191 NFASC"
[1] "192 NUAK2"
[1] "193 NUCKS1"
[1] "194 PM20D1"
[1] "195 RAB29"
[1] "196 RASSF5"
[1] "197 RBBP5"
[1] "198 RHEX"
[1] "199 SLC26A9"
[1] "200 SLC41A1"
[1] "201 SLC45A3"
[1] "202 SRGAP2"
[1] "203 SRGAP2D"
[1] "204 TMCC2"
[1] "205 TMEM81"
[1] "206 ACBD3"
[1] "207 ACBD3-AS1"
[1] "208 CDC42BPA"
[1] "209 COQ8A"
[1] "210 EPHX1"
[1] "211 H3F3A"
[1] "212 H3F3AP4"
[1] "213 ITPKB"
[1] "214 ITPKB-IT1"
[1] "215 LEFTY1"
[1] "216 LEFTY2"
[1] "217 LIN9"
[1] "218 LINC01703"
[1] "219 MIR6741"
[1] "220 MIXL1"
[1] "221 PARP1"
[1] "222 PSEN2"
[1] "223 PYCR2"
[1] "224 SDE2"
[1] "225 SNAP47"
[1] "226 SRP9"
[1] "227 STUM"
[1] "228 TMEM63A"
[1] "229 ZNF678"
[1] "230 ZNF847P"
[1] "231 DISC1"
[1] "232 DISC1-IT1"
[1] "233 DISC2"
[1] "234 LINC00582"
[1] "235 LINC01744"
[1] "236 LINC01745"
[1] "237 MAP10"
[1] "238 MAP3K21"
[1] "239 NTPCR"
[1] "240 PCNX2"
[1] "241 SIPA1L2"
[1] "242 TSNAX"
[1] "243 TSNAX-DISC1"
[1] "244 GEN1"
[1] "245 KCNS3"
[1] "246 MSGN1"
[1] "247 NT5C1B"
[1] "248 NT5C1B-RDH14"
[1] "249 RAD51AP2"
[1] "250 RDH14"
[1] "251 SMC6"
[1] "252 VSNL1"
[1] "253 ADRA2B"
[1] "254 ANKRD20A8P"
[1] "255 ANKRD36C"
[1] "256 ASTL"
[1] "257 CIAO1"
[1] "258 DUSP2"
[1] "259 FAHD2A"
[1] "260 FAHD2CP"
[1] "261 FAM95A"
[1] "262 GPAT2"
[1] "263 ITPRIPL1"
[1] "264 KCNIP3"
[1] "265 LINC00342"
[1] "266 LOC442028"
[1] "267 MAL"
[1] "268 MRPS5"
[1] "269 PROM2"
[1] "270 SNORA112"
[1] "271 SNRNP200"
[1] "272 STARD7"
[1] "273 STARD7-AS1"
[1] "274 TEKT4"
[1] "275 TMEM127"
[1] "276 TRIM43"
[1] "277 TRIM43B"
[1] "278 ZNF2"
[1] "279 ZNF514"
[1] "280 CNOT11"
[1] "281 CREG2"
[1] "282 IL18R1"
[1] "283 IL18RAP"
[1] "284 IL1R1"
[1] "285 IL1R2"
[1] "286 IL1RL1"
[1] "287 IL1RL2"
[1] "288 LINC01127"
[1] "289 LOC101927142"
[1] "290 MAP4K4"
[1] "291 MFSD9"
[1] "292 MIR4772"
[1] "293 MIR5696"
[1] "294 NPAS2"
[1] "295 RFX8"
[1] "296 RNF149"
[1] "297 RPL31"
[1] "298 SLC9A2"
[1] "299 SLC9A4"
[1] "300 SNORD89"
[1] "301 TBC1D8"
[1] "302 TBC1D8-AS1"
[1] "303 TMEM182"
[1] "304 ACMSD"
[1] "305 CCNT2"
[1] "306 CCNT2-AS1"
[1] "307 MAP3K19"
[1] "308 MGAT5"
[1] "309 MIR128-1"
[1] "310 MIR3679"
[1] "311 MIR5590"
[1] "312 R3HDM1"
[1] "313 RAB3GAP1"
[1] "314 SNORA40B"
[1] "315 TMEM163"
[1] "316 ZRANB3"
[1] "317 ABCB11"
[1] "318 B3GALT1"
[1] "319 CERS6"
[1] "320 CERS6-AS1"
[1] "321 DHRS9"
[1] "322 G6PC2"
[1] "323 LOC105616981"
[1] "324 LRP2"
[1] "325 MIR4774"
[1] "326 NOSTRIN"
[1] "327 SPC25"
[1] "328 STK39"
[1] "329 XIRP2"
[1] "330 KCNH8"
[1] "331 LOC105376975"
[1] "332 LOC339862"
[1] "333 MIR4791"
[1] "334 SATB1"
[1] "335 SATB1-AS1"
[1] "336 TBC1D5"
[1] "337 AZI2"
[1] "338 CMC1"
[1] "339 EOMES"
[1] "340 LINC00693"
[1] "341 LINC01980"
[1] "342 LINC01981"
[1] "343 RBMS3"
[1] "344 RBMS3-AS3"
[1] "345 ZCWPW2"
[1] "346 AMT"
[1] "347 APEH"
[1] "348 ARIH2"
[1] "349 ARIH2OS"
[1] "350 ATRIP"
[1] "351 ATRIP-TREX1"
[1] "352 BSN"
[1] "353 BSN-DT"
[1] "354 C3orf62"
[1] "355 C3orf84"
[1] "356 CAMP"
[1] "357 CCDC36"
[1] "358 CCDC51"
[1] "359 CCDC71"
[1] "360 CDC25A"
[1] "361 CELSR3"
[1] "362 COL7A1"
[1] "363 DAG1"
[1] "364 DALRD3"
[1] "365 DHX30"
[1] "366 FBXW12"
[1] "367 FCF1P2"
[1] "368 GPX1"
[1] "369 IMPDH2"
[1] "370 IP6K2"
[1] "371 KLHDC8B"
[1] "372 LAMB2"
[1] "373 LAMB2P1"
[1] "374 LINC02585"
[1] "375 MAP4"
[1] "376 MIR1226"
[1] "377 MIR191"
[1] "378 MIR2115"
[1] "379 MIR425"
[1] "380 MIR4271"
[1] "381 MIR4443"
[1] "382 MIR4793"
[1] "383 MIR6823"
[1] "384 MIR6824"
[1] "385 MIR6890"
[1] "386 MIR711"
[1] "387 MST1"
[1] "388 NCKIPSD"
[1] "389 NDUFAF3"
[1] "390 NICN1"
[1] "391 NME6"
[1] "392 P4HTM"
[1] "393 PFKFB4"
[1] "394 PLXNB1"
[1] "395 PRKAR2A"
[1] "396 PRKAR2A-AS1"
[1] "397 QARS"
[1] "398 QRICH1"
[1] "399 RHOA"
[1] "400 RNF123"
[1] "401 SHISA5"
[1] "402 SLC25A20"
[1] "403 SLC26A6"
[1] "404 SMARCC1"
[1] "405 SNORA94"
[1] "406 SPINK8"
[1] "407 TCTA"
[1] "408 TMA7"
[1] "409 TMEM89"
[1] "410 TREX1"
[1] "411 UCN2"
[1] "412 UQCRC1"
[1] "413 USP19"
[1] "414 USP4"
[1] "415 WDR6"
[1] "416 ZNF589"
[1] "417 ADCY5"
[1] "418 ARGFX"
[1] "419 CASR"
[1] "420 CCDC58"
[1] "421 CD86"
[1] "422 CSTA"
[1] "423 DTX3L"
[1] "424 EAF2"
[1] "425 FAM162A"
[1] "426 FBXO40"
[1] "427 GOLGB1"
[1] "428 HCLS1"
[1] "429 HSPBAP1"
[1] "430 ILDR1"
[1] "431 IQCB1"
[1] "432 KPNA1"
[1] "433 LINC02035"
[1] "434 LOC102723582"
[1] "435 MIR7110"
[1] "436 PARP14"
[1] "437 PARP15"
[1] "438 PARP9"
[1] "439 PDIA5"
[1] "440 POLQ"
[1] "441 SEC22A"
[1] "442 SEMA5B"
[1] "443 SLC15A2"
[1] "444 SLC49A4"
[1] "445 WDR5B"
[1] "446 AADAC"
[1] "447 AADACL2"
[1] "448 AADACL2-AS1"
[1] "449 AADACP1"
[1] "450 CLRN1"
[1] "451 CLRN1-AS1"
[1] "452 EIF2A"
[1] "453 ERICH6"
[1] "454 ERICH6-AS1"
[1] "455 GPR171"
[1] "456 GPR87"
[1] "457 IGSF10"
[1] "458 LOC101928105"
[1] "459 LOC101928166"
[1] "460 MBNL1"
[1] "461 MBNL1-AS1"
[1] "462 MED12L"
[1] "463 MINDY4B"
[1] "464 MIR5186"
[1] "465 P2RY12"
[1] "466 P2RY13"
[1] "467 P2RY14"
[1] "468 SELENOT"
[1] "469 SERP1"
[1] "470 SIAH2"
[1] "471 SUCNR1"
[1] "472 TMEM14EP"
[1] "473 TSC22D2"
[1] "474 ARL14"
[1] "475 B3GALNT1"
[1] "476 IFT80"
[1] "477 KPNA4"
[1] "478 LINC02067"
[1] "479 MIR15B"
[1] "480 MIR16-2"
[1] "481 NMD3"
[1] "482 OTOL1"
[1] "483 PPM1L"
[1] "484 SCARNA7"
[1] "485 SMC4"
[1] "486 SPTSSB"
[1] "487 TRIM59"
[1] "488 TRIM59-IFT80"
[1] "489 ABCC5"
[1] "490 ABCC5-AS1"
[1] "491 ATP11B"
[1] "492 B3GNT5"
[1] "493 DCUN1D1"
[1] "494 HTR3D"
[1] "495 KLHL24"
[1] "496 KLHL6"
[1] "497 KLHL6-AS1"
[1] "498 LAMP3"
[1] "499 LINC00888"
[1] "500 LINC01994"
[1] "501 LINC01995"
[1] "502 MAP6D1"
[1] "503 MCCC1"
[1] "504 MCF2L2"
[1] "505 MIR4448"
[1] "506 PARL"
[1] "507 SNORA63D"
[1] "508 SNORA63E"
[1] "509 YEATS2"
[1] "510 YEATS2-AS1"
[1] "511 ABCA11P"
[1] "512 ATP5ME"
[1] "513 CPLX1"
[1] "514 CRIPAK"
[1] "515 CTBP1"
[1] "516 CTBP1-AS"
[1] "517 CTBP1-DT"
[1] "518 DGKQ"
[1] "519 FAM53A"
[1] "520 FGFR3"
[1] "521 FGFRL1"
[1] "522 GAK"
[1] "523 IDUA"
[1] "524 LETM1"
[1] "525 LOC100129917"
[1] "526 LOC100130872"
[1] "527 LOC105374338"
[1] "528 LOC105374344"
[1] "529 MAEA"
[1] "530 MIR571"
[1] "531 MYL5"
[1] "532 NKX1-1"
[1] "533 NSD2"
[1] "534 PCGF3"
[1] "535 PDE6B"
[1] "536 PIGG"
[1] "537 RNF212"
[1] "538 SLBP"
[1] "539 SLC26A1"
[1] "540 SLC49A3"
[1] "541 SPON2"
[1] "542 TACC3"
[1] "543 TMED11P"
[1] "544 TMEM129"
[1] "545 TMEM175"
[1] "546 TMEM271"
[1] "547 UVSSA"
[1] "548 ZNF141"
[1] "549 ZNF595"
[1] "550 ZNF718"
[1] "551 ZNF721"
[1] "552 ZNF732"
[1] "553 ZNF876P"
[1] "554 BST1"
[1] "555 C1QTNF7"
[1] "556 CC2D2A"
[1] "557 CD38"
[1] "558 CPEB2"
[1] "559 CPEB2-DT"
[1] "560 FAM200B"
[1] "561 FBXL5"
[1] "562 FGFBP1"
[1] "563 FGFBP2"
[1] "564 LDB2"
[1] "565 LINC00504"
[1] "566 LOC101929095"
[1] "567 PROM1"
[1] "568 TAPT1"
[1] "569 TAPT1-AS1"
[1] "570 CLRN2"
[1] "571 DCAF16"
[1] "572 FAM184B"
[1] "573 LAP3"
[1] "574 LCORL"
[1] "575 LINC02493"
[1] "576 MED28"
[1] "577 NCAPG"
[1] "578 QDPR"
[1] "579 SNORA75B"
[1] "580 ART3"
[1] "581 CCDC158"
[1] "582 CCNG2"
[1] "583 CCNI"
[1] "584 CDKL2"
[1] "585 CXCL10"
[1] "586 CXCL11"
[1] "587 CXCL9"
[1] "588 FAM47E"
[1] "589 FAM47E-STBD1"
[1] "590 G3BP2"
[1] "591 LINC02483"
[1] "592 LOC101928809"
[1] "593 MIR4450"
[1] "594 MIR548AH"
[1] "595 NAAA"
[1] "596 NUP54"
[1] "597 ODAPH"
[1] "598 PPEF2"
[1] "599 RCHY1"
[1] "600 SCARB2"
[1] "601 SDAD1"
[1] "602 SEPTIN11"
[1] "603 SHROOM3"
[1] "604 SOWAHB"
[1] "605 STBD1"
[1] "606 THAP6"
[1] "607 USO1"
[1] "608 CCSER1"
[1] "609 FAM13A"
[1] "610 FAM13A-AS1"
[1] "611 GPRIN3"
[1] "612 HERC3"
[1] "613 MMRN1"
[1] "614 SNCA"
[1] "615 SNCA-AS1"
[1] "616 TIGD2"
[1] "617 ANK2"
[1] "618 ARSJ"
[1] "619 CAMK2D"
[1] "620 LARP7"
[1] "621 LOC105377372"
[1] "622 MIR1243"
[1] "623 MIR302A"
[1] "624 MIR302B"
[1] "625 MIR302C"
[1] "626 MIR302CHG"
[1] "627 MIR302D"
[1] "628 MIR367"
[1] "629 MIR8082"
[1] "630 NEUROG2"
[1] "631 ZGRF1"
[1] "632 AADAT"
[1] "633 CBR4"
[1] "634 CLCN3"
[1] "635 HPF1"
[1] "636 LINC01612"
[1] "637 LINC02275"
[1] "638 MFAP3L"
[1] "639 NEK1"
[1] "640 PALLD"
[1] "641 SH3RF1"
[1] "642 C5orf64"
[1] "643 C5orf64-AS1"
[1] "644 DEPDC1B"
[1] "645 ELOVL7"
[1] "646 ERCC8"
[1] "647 LINC02057"
[1] "648 LOC101928651"
[1] "649 NDUFAF2"
[1] "650 PART1"
[1] "651 PDE4D"
[1] "652 SMIM15"
[1] "653 SMIM15-AS1"
[1] "654 ZSWIM6"
[1] "655 C5orf30"
[1] "656 GIN1"
[1] "657 LINC00491"
[1] "658 LINC00492"
[1] "659 LINC02115"
[1] "660 NUDT12"
[1] "661 PAM"
[1] "662 PPIP5K2"
[1] "663 SLCO4C1"
[1] "664 SLCO6A1"
[1] "665 C5orf15"
[1] "666 C5orf24"
[1] "667 C5orf66"
[1] "668 C5orf66-AS1"
[1] "669 C5orf66-AS2"
[1] "670 CAMLG"
[1] "671 CATSPER3"
[1] "672 CDKL3"
[1] "673 CDKN2AIPNL"
[1] "674 CXCL14"
[1] "675 DCANP1"
[1] "676 DDX46"
[1] "677 H2AFY"
[1] "678 JADE2"
[1] "679 LINC01843"
[1] "680 LOC102546229"
[1] "681 LOC105379183"
[1] "682 LOC107986453"
[1] "683 MIR3661"
[1] "684 MIR5692C1"
[1] "685 NEUROG1"
[1] "686 PCBD2"
[1] "687 PITX1"
[1] "688 PPP2CA"
[1] "689 SAR1B"
[1] "690 SEC24A"
[1] "691 SKP1"
[1] "692 SLC25A48"
[1] "693 SLC25A48-AS1"
[1] "694 TCF7"
[1] "695 TIFAB"
[1] "696 TXNDC15"
[1] "697 UBE2B"
[1] "698 VDAC1"
[1] "699 WSPAR"
[1] "700 GPX5"
[1] "701 GPX6"
[1] "702 GUSBP2"
[1] "703 HIST1H1B"
[1] "704 HIST1H2AG"
[1] "705 HIST1H2AH"
[1] "706 HIST1H2AI"
[1] "707 HIST1H2AJ"
[1] "708 HIST1H2AK"
[1] "709 HIST1H2AL"
[1] "710 HIST1H2AM"
[1] "711 HIST1H2BJ"
[1] "712 HIST1H2BK"
[1] "713 HIST1H2BL"
[1] "714 HIST1H2BM"
[1] "715 HIST1H2BN"
[1] "716 HIST1H2BO"
[1] "717 HIST1H3H"
[1] "718 HIST1H3I"
[1] "719 HIST1H3J"
[1] "720 HIST1H4I"
[1] "721 HIST1H4J"
[1] "722 HIST1H4K"
[1] "723 HIST1H4L"
[1] "724 LINC00240"
[1] "725 LINC00533"
[1] "726 LINC01012"
[1] "727 LOC100131289"
[1] "728 LOC100270746"
[1] "729 MIR3143"
[1] "730 NKAPL"
[1] "731 OR1F12"
[1] "732 OR2B2"
[1] "733 OR2B6"
[1] "734 PGBD1"
[1] "735 POM121L2"
[1] "736 PRSS16"
[1] "737 TOB2P1"
[1] "738 VN1R10P"
[1] "739 ZBED9"
[1] "740 ZKSCAN3"
[1] "741 ZKSCAN4"
[1] "742 ZKSCAN8"
[1] "743 ZNF165"
[1] "744 ZNF184"
[1] "745 ZNF192P1"
[1] "746 ZNF204P"
[1] "747 ZNF391"
[1] "748 ZSCAN12"
[1] "749 ZSCAN12P1"
[1] "750 ZSCAN16"
[1] "751 ZSCAN16-AS1"
[1] "752 ZSCAN23"
[1] "753 ZSCAN26"
[1] "754 ZSCAN31"
[1] "755 ZSCAN9"
[1] "756 ABCF1"
[1] "757 ATAT1"
[1] "758 C6orf136"
[1] "759 C6orf15"
[1] "760 CDSN"
[1] "761 DDR1"
[1] "762 DHX16"
[1] "763 FLOT1"
[1] "764 GABBR1"
[1] "765 GNL1"
[1] "766 GTF2H4"
[1] "767 HCG17"
[1] "768 HCG18"
[1] "769 HCG20"
[1] "770 HCG21"
[1] "771 HCG22"
[1] "772 HCG4"
[1] "773 HCG4B"
[1] "774 HCG9"
[1] "775 HCP5B"
[1] "776 HLA-A"
[1] "777 HLA-E"
[1] "778 HLA-F"
[1] "779 HLA-F-AS1"
[1] "780 HLA-G"
[1] "781 HLA-H"
[1] "782 HLA-J"
[1] "783 HLA-L"
[1] "784 HLA-V"
[1] "785 IER3"
[1] "786 IER3-AS1"
[1] "787 IFITM4P"
[1] "788 LINC00243"
[1] "789 LINC01015"
[1] "790 LINC02569"
[1] "791 LINC02570"
[1] "792 LOC101929006"
[1] "793 MAS1L"
[1] "794 MDC1"
[1] "795 MDC1-AS1"
[1] "796 MIR4640"
[1] "797 MIR6891"
[1] "798 MIR877"
[1] "799 MOG"
[1] "800 MRPS18B"
[1] "801 MUC21"
[1] "802 MUC22"
[1] "803 MUCL3"
[1] "804 NRM"
[1] "805 OR10C1"
[1] "806 OR11A1"
[1] "807 OR12D1"
[1] "808 OR12D2"
[1] "809 OR12D3"
[1] "810 OR14J1"
[1] "811 OR2H1"
[1] "812 OR2H2"
[1] "813 OR2J2"
[1] "814 OR5V1"
[1] "815 PPP1R10"
[1] "816 PPP1R11"
[1] "817 PPP1R18"
[1] "818 PRR3"
[1] "819 PSORS1C1"
[1] "820 PSORS1C2"
[1] "821 RNF39"
[1] "822 RPP21"
[1] "823 SFTA2"
[1] "824 SNORD32B"
[1] "825 TRIM10"
[1] "826 TRIM15"
[1] "827 TRIM26"
[1] "828 TRIM31"
[1] "829 TRIM31-AS1"
[1] "830 TRIM39"
[1] "831 TRIM39-RPP21"
[1] "832 TRIM40"
[1] "833 TUBB"
[1] "834 UBD"
[1] "835 VARS2"
[1] "836 ZFP57"
[1] "837 ZNRD1"
[1] "838 ZNRD1ASP"
[1] "839 ABHD16A"
[1] "840 AGER"
[1] "841 AGPAT1"
[1] "842 AIF1"
[1] "843 APOM"
[1] "844 ATF6B"
[1] "845 B3GALT4"
[1] "846 BAG6"
[1] "847 BAK1"
[1] "848 BRD2"
[1] "849 BTNL2"
[1] "850 C2"
[1] "851 C2-AS1"
[1] "852 C4A"
[1] "853 C4B"
[1] "854 C4B_2"
[1] "855 C6orf47"
[1] "856 CFB"
[1] "857 CLIC1"
[1] "858 COL11A2"
[1] "859 CSNK2B"
[1] "860 CUTA"
[1] "861 CYP21A1P"
[1] "862 CYP21A2"
[1] "863 DAXX"
[1] "864 DDAH2"
[1] "865 DXO"
[1] "866 EGFL8"
[1] "867 EHMT2"
[1] "868 FKBPL"
[1] "869 GGNBP1"
[1] "870 GPANK1"
[1] "871 GPSM3"
[1] "872 HCG23"
[1] "873 HCG24"
[1] "874 HCG25"
[1] "875 HLA-DMA"
[1] "876 HLA-DMB"
[1] "877 HLA-DOA"
[1] "878 HLA-DOB"
[1] "879 HLA-DPA1"
[1] "880 HLA-DPB1"
[1] "881 HLA-DPB2"
[1] "882 HLA-DQA1"
[1] "883 HLA-DQA2"
[1] "884 HLA-DQB1"
[1] "885 HLA-DQB1-AS1"
[1] "886 HLA-DQB2"
[1] "887 HLA-DRA"
[1] "888 HLA-DRB1"
[1] "889 HLA-DRB5"
[1] "890 HLA-DRB6"
[1] "891 HSD17B8"
[1] "892 HSPA1A"
[1] "893 HSPA1B"
[1] "894 HSPA1L"
[1] "895 KIFC1"
[1] "896 LINC00336"
[1] "897 LOC100294145"
[1] "898 LOC100507547"
[1] "899 LOC110384692"
[1] "900 LSM2"
[1] "901 LY6G5B"
[1] "902 LY6G5C"
[1] "903 LY6G6C"
[1] "904 LY6G6D"
[1] "905 LY6G6E"
[1] "906 LY6G6F"
[1] "907 LY6G6F-LY6G6D"
[1] "908 MIR1234"
[1] "909 MIR1236"
[1] "910 MIR219A1"
[1] "911 MIR3135B"
[1] "912 MIR4646"
[1] "913 MIR5004"
[1] "914 MIR6721"
[1] "915 MIR6832"
[1] "916 MIR6833"
[1] "917 MIR6834"
[1] "918 MIR6873"
[1] "919 MPIG6B"
[1] "920 MSH5"
[1] "921 MSH5-SAPCD1"
[1] "922 NELFE"
[1] "923 NEU1"
[1] "924 NOTCH4"
[1] "925 PBX2"
[1] "926 PFDN6"
[1] "927 PHF1"
[1] "928 PPT2"
[1] "929 PPT2-EGFL8"
[1] "930 PRRC2A"
[1] "931 PRRT1"
[1] "932 PSMB8"
[1] "933 PSMB8-AS1"
[1] "934 PSMB9"
[1] "935 RGL2"
[1] "936 RING1"
[1] "937 RNF5"
[1] "938 RPS18"
[1] "939 RXRB"
[1] "940 SAPCD1"
[1] "941 SAPCD1-AS1"
[1] "942 SKIV2L"
[1] "943 SLC39A7"
[1] "944 SLC44A4"
[1] "945 SMIM40"
[1] "946 SNHG32"
[1] "947 SNORA38"
[1] "948 SNORD48"
[1] "949 SNORD52"
[1] "950 STK19"
[1] "951 SYNGAP1"
[1] "952 TAP1"
[1] "953 TAP2"
[1] "954 TAPBP"
[1] "955 TNXA"
[1] "956 TNXB"
[1] "957 TSBP1"
[1] "958 TSBP1-AS1"
[1] "959 VARS"
[1] "960 VPS52"
[1] "961 VWA7"
[1] "962 WDR46"
[1] "963 ZBTB12"
[1] "964 ZBTB22"
[1] "965 ZBTB9"
[1] "966 B3GAT2"
[1] "967 KCNQ5"
[1] "968 KCNQ5-IT1"
[1] "969 LINC00472"
[1] "970 LINC01626"
[1] "971 MIR30A"
[1] "972 MIR30C2"
[1] "973 OGFRL1"
[1] "974 RIMS1"
[1] "975 SMAP1"
[1] "976 CCN6"
[1] "977 FAM229B"
[1] "978 FYN"
[1] "979 GSTM2P1"
[1] "980 GTF3C6"
[1] "981 LAMA4"
[1] "982 LINC02527"
[1] "983 LOC101927640"
[1] "984 MFSD4B"
[1] "985 REV3L"
[1] "986 RFPL4B"
[1] "987 RPF2"
[1] "988 SLC16A10"
[1] "989 SNORD166"
[1] "990 TRAF3IP2"
[1] "991 TRAF3IP2-AS1"
[1] "992 TUBE1"
[1] "993 CCN2"
[1] "994 ENPP1"
[1] "995 EYA4"
[1] "996 LINC00326"
[1] "997 LINC01013"
[1] "998 LINC01312"
[1] "999 MIR548AJ1"
[1] "1000 MOXD1"
[1] "1001 RPS12"
[1] "1002 SLC18B1"
[1] "1003 SNORA33"
[1] "1004 SNORD100"
[1] "1005 SNORD101"
[1] "1006 STX7"
[1] "1007 TAAR1"
[1] "1008 TAAR2"
[1] "1009 TAAR3P"
[1] "1010 TAAR5"
[1] "1011 TAAR6"
[1] "1012 TAAR8"
[1] "1013 TAAR9"
[1] "1014 TARID"
[1] "1015 TCF21"
[1] "1016 VNN1"
[1] "1017 VNN2"
[1] "1018 VNN3"
[1] "1019 CCDC126"
[1] "1020 CLK2P1"
[1] "1021 FAM126A"
[1] "1022 FAM221A"
[1] "1023 GPNMB"
[1] "1024 IGF2BP3"
[1] "1025 IL6"
[1] "1026 KLHL7"
[1] "1027 KLHL7-DT"
[1] "1028 LOC100506178"
[1] "1029 LOC401312"
[1] "1030 LOC541472"
[1] "1031 MALSU1"
[1] "1032 NUP42"
[1] "1033 RAPGEF5"
[1] "1034 RPS2P32"
[1] "1035 SNHG26"
[1] "1036 SNORD65C"
[1] "1037 SNORD93"
[1] "1038 STEAP1B"
[1] "1039 STK31"
[1] "1040 TOMM7"
[1] "1041 TRA2A"
[1] "1042 ASL"
[1] "1043 CCT6P1"
[1] "1044 CRCP"
[1] "1045 GS1-124K5.11"
[1] "1046 GS1-124K5.4"
[1] "1047 GTF2IP23"
[1] "1048 GTF2IRD1P1"
[1] "1049 GUSB"
[1] "1050 INTS4P2"
[1] "1051 KCTD7"
[1] "1052 LINC00174"
[1] "1053 LINC01372"
[1] "1054 LINC02604"
[1] "1055 LOC100996437"
[1] "1056 LOC101929322"
[1] "1057 LOC441242"
[1] "1058 MIR4650-1"
[1] "1059 MIR4650-2"
[1] "1060 PMS2P4"
[1] "1061 RABGEF1"
[1] "1062 SBDS"
[1] "1063 SNORA15B-1"
[1] "1064 SNORA15B-2"
[1] "1065 SNORA22"
[1] "1066 STAG3L4"
[1] "1067 TMEM248"
[1] "1068 TPST1"
[1] "1069 TYW1"
[1] "1070 VKORC1L1"
[1] "1071 BLK"
[1] "1072 C8orf49"
[1] "1073 CTSB"
[1] "1074 DEFB109A"
[1] "1075 DEFB130A"
[1] "1076 DEFB130B"
[1] "1077 DEFB134"
[1] "1078 DEFB135"
[1] "1079 DEFB136"
[1] "1080 FAM167A"
[1] "1081 FAM167A-AS1"
[1] "1082 FAM66A"
[1] "1083 FAM66D"
[1] "1084 FAM85A"
[1] "1085 FAM86B1"
[1] "1086 FAM86B2"
[1] "1087 FAM90A25P"
[1] "1088 FAM90A2P"
[1] "1089 FDFT1"
[1] "1090 GATA4"
[1] "1091 LINC00208"
[1] "1092 LINC00681"
[1] "1093 LOC100129129"
[1] "1094 LOC100506990"
[1] "1095 LOC101929269"
[1] "1096 LOC340357"
[1] "1097 LOC392196"
[1] "1098 LOC649352"
[1] "1099 LOC729732"
[1] "1100 LONRF1"
[1] "1101 MIR3926-1"
[1] "1102 MIR3926-2"
[1] "1103 MIR5692A1"
[1] "1104 MIR5692A2"
[1] "1105 MIR598"
[1] "1106 MTMR9"
[1] "1107 NEIL2"
[1] "1108 SLC35G5"
[1] "1109 SNORA99"
[1] "1110 TDH"
[1] "1111 USP17L2"
[1] "1112 USP17L7"
[1] "1113 XKR6"
[1] "1114 ZNF705D"
[1] "1115 CNOT7"
[1] "1116 FGF20"
[1] "1117 MICU3"
[1] "1118 MIR548V"
[1] "1119 MSR1"
[1] "1120 MTMR7"
[1] "1121 MTUS1"
[1] "1122 PDGFRL"
[1] "1123 SLC7A2"
[1] "1124 VPS37A"
[1] "1125 ZDHHC2"
[1] "1126 BIN3"
[1] "1127 BIN3-IT1"
[1] "1128 BMP1"
[1] "1129 C8orf58"
[1] "1130 CCAR2"
[1] "1131 CHMP7"
[1] "1132 DMTN"
[1] "1133 DOK2"
[1] "1134 EGR3"
[1] "1135 ENTPD4"
[1] "1136 FAM160B2"
[1] "1137 FGF17"
[1] "1138 GFRA2"
[1] "1139 HR"
[1] "1140 LGI3"
[1] "1141 LOC100507071"
[1] "1142 LOC100507156"
[1] "1143 LOC101929237"
[1] "1144 LOC107986876"
[1] "1145 LOC254896"
[1] "1146 LOC286059"
[1] "1147 LOC389641"
[1] "1148 LOXL2"
[1] "1149 MIR320A"
[1] "1150 NPM2"
[1] "1151 NUDT18"
[1] "1152 PDLIM2"
[1] "1153 PEBP4"
[1] "1154 PHYHIP"
[1] "1155 PIWIL2"
[1] "1156 POLR3D"
[1] "1157 PPP3CC"
[1] "1158 R3HCC1"
[1] "1159 REEP4"
[1] "1160 RHOBTB2"
[1] "1161 SFTPC"
[1] "1162 SLC25A37"
[1] "1163 SLC39A14"
[1] "1164 SORBS3"
[1] "1165 TNFRSF10A"
[1] "1166 TNFRSF10B"
[1] "1167 TNFRSF10C"
[1] "1168 TNFRSF10D"
[1] "1169 XPO7"
[1] "1170 ADCY8"
[1] "1171 ASAP1"
[1] "1172 ASAP1-IT1"
[1] "1173 ASAP1-IT2"
[1] "1174 CCDC26"
[1] "1175 FAM49B"
[1] "1176 GSDMC"
[1] "1177 LINC00976"
[1] "1178 LINC00977"
[1] "1179 MIR3686"
[1] "1180 MIR5194"
[1] "1181 ADAMTSL1"
[1] "1182 BNC2"
[1] "1183 BNC2-AS1"
[1] "1184 CNTLN"
[1] "1185 MIR3152"
[1] "1186 SH3GL2"
[1] "1187 ANKRD18B"
[1] "1188 ANXA2P2"
[1] "1189 AQP3"
[1] "1190 AQP7"
[1] "1191 ARID3C"
[1] "1192 B4GALT1"
[1] "1193 B4GALT1-AS1"
[1] "1194 BAG1"
[1] "1195 C9orf131"
[1] "1196 C9orf24"
[1] "1197 CCL19"
[1] "1198 CCL21"
[1] "1199 CCL27"
[1] "1200 CHMP5"
[1] "1201 CNTFR"
[1] "1202 CNTFR-AS1"
[1] "1203 DCAF12"
[1] "1204 DCTN3"
[1] "1205 DNAI1"
[1] "1206 DNAJB5"
[1] "1207 DNAJB5-DT"
[1] "1208 ENHO"
[1] "1209 FAM205A"
[1] "1210 FAM205BP"
[1] "1211 FAM205C"
[1] "1212 FAM219A"
[1] "1213 GALT"
[1] "1214 IL11RA"
[1] "1215 KIF24"
[1] "1216 LINC01251"
[1] "1217 LOC730098"
[1] "1218 MIR12117"
[1] "1219 MIR6851"
[1] "1220 MYORG"
[1] "1221 NFX1"
[1] "1222 NOL6"
[1] "1223 NUDT2"
[1] "1224 PHF24"
[1] "1225 PRSS3"
[1] "1226 PTENP1"
[1] "1227 PTENP1-AS"
[1] "1228 RPP25L"
[1] "1229 SIGMAR1"
[1] "1230 SMU1"
[1] "1231 SNORD121A"
[1] "1232 SNORD121B"
[1] "1233 SPINK4"
[1] "1234 SUGT1P1"
[1] "1235 UBAP1"
[1] "1236 UBAP2"
[1] "1237 UBE2R2"
[1] "1238 ACBD7"
[1] "1239 ACBD7-DCLRE1CP1"
[1] "1240 C1QL3"
[1] "1241 CDNF"
[1] "1242 DCLRE1C"
[1] "1243 DCLRE1CP1"
[1] "1244 FAM107B"
[1] "1245 FAM171A1"
[1] "1246 HSPA14"
[1] "1247 ITGA8"
[1] "1248 MEIG1"
[1] "1249 MINDY3"
[1] "1250 NMT2"
[1] "1251 OLAH"
[1] "1252 PPIAP30"
[1] "1253 PTER"
[1] "1254 RPP38"
[1] "1255 RPP38-DT"
[1] "1256 SUV39H2"
[1] "1257 ACTR1A"
[1] "1258 ARL3"
[1] "1259 ARMH3"
[1] "1260 AS3MT"
[1] "1261 BORCS7"
[1] "1262 BORCS7-ASMT"
[1] "1263 BTRC"
[1] "1264 C10orf95"
[1] "1265 CNNM2"
[1] "1266 CUEDC2"
[1] "1267 CYP17A1"
[1] "1268 DPCD"
[1] "1269 ELOVL3"
[1] "1270 FBXL15"
[1] "1271 FBXW4"
[1] "1272 FGF8"
[1] "1273 GBF1"
[1] "1274 HPS6"
[1] "1275 KCNIP2"
[1] "1276 KCNIP2-AS1"
[1] "1277 LDB1"
[1] "1278 LINC02681"
[1] "1279 LOC107984265"
[1] "1280 MFSD13A"
[1] "1281 MIR146B"
[1] "1282 MIR3158-1"
[1] "1283 MIR3158-2"
[1] "1284 NFKB2"
[1] "1285 NOLC1"
[1] "1286 NPM3"
[1] "1287 NT5C2"
[1] "1288 OGA"
[1] "1289 PITX3"
[1] "1290 POLL"
[1] "1291 PPRC1"
[1] "1292 PSD"
[1] "1293 RPARP-AS1"
[1] "1294 RPEL1"
[1] "1295 SFXN2"
[1] "1296 SUFU"
[1] "1297 TRIM8"
[1] "1298 WBP1L"
[1] "1299 BAG3"
[1] "1300 CACUL1"
[1] "1301 EIF3A"
[1] "1302 FAM45A"
[1] "1303 GRK5"
[1] "1304 INPP5F"
[1] "1305 LINC01561"
[1] "1306 MCMBP"
[1] "1307 MIR4681"
[1] "1308 MIR4682"
[1] "1309 NANOS1"
[1] "1310 PLPP4"
[1] "1311 PRDX3"
[1] "1312 RGS10"
[1] "1313 RPL21"
[1] "1314 SEC23IP"
[1] "1315 SFXN4"
[1] "1316 SNORA19"
[1] "1317 TIAL1"
[1] "1318 WDR11-AS1"
[1] "1319 ADM"
[1] "1320 AMPD3"
[1] "1321 CAND1.11"
[1] "1322 CSNK2A3"
[1] "1323 CTR9"
[1] "1324 EIF4G2"
[1] "1325 GALNT18"
[1] "1326 LINC02709"
[1] "1327 LOC101928008"
[1] "1328 LOC101928053"
[1] "1329 LYVE1"
[1] "1330 MIR4485"
[1] "1331 MRVI1"
[1] "1332 MRVI1-AS1"
[1] "1333 MTRNR2L8"
[1] "1334 RNF141"
[1] "1335 SBF2"
[1] "1336 SBF2-AS1"
[1] "1337 SNORD97"
[1] "1338 SWAP70"
[1] "1339 WEE1"
[1] "1340 ZBED5"
[1] "1341 ZBED5-AS1"
[1] "1342 ANKRD42"
[1] "1343 CCDC90B"
[1] "1344 DDIAS"
[1] "1345 DLG2"
[1] "1346 LOC100506282"
[1] "1347 PCF11"
[1] "1348 PCF11-AS1"
[1] "1349 PRCP"
[1] "1350 RAB30"
[1] "1351 RAB30-DT"
[1] "1352 SNORA70E"
[1] "1353 ACAD8"
[1] "1354 B3GAT1"
[1] "1355 GLB1L2"
[1] "1356 GLB1L3"
[1] "1357 IGSF9B"
[1] "1358 JAM3"
[1] "1359 LINC02714"
[1] "1360 LINC02731"
[1] "1361 LINC02743"
[1] "1362 LOC283177"
[1] "1363 MIR4697"
[1] "1364 MIR4697HG"
[1] "1365 NCAPD3"
[1] "1366 OPCML"
[1] "1367 SNORD153"
[1] "1368 SPATA19"
[1] "1369 THYN1"
[1] "1370 VPS26B"
[1] "1371 ABCD2"
[1] "1372 C12orf40"
[1] "1373 CNTN1"
[1] "1374 KIF21A"
[1] "1375 LINC02471"
[1] "1376 LRRK2"
[1] "1377 MUC19"
[1] "1378 PDZRN4"
[1] "1379 SLC2A13"
[1] "1380 ANO6"
[1] "1381 ARID2"
[1] "1382 DBX2"
[1] "1383 LINC00938"
[1] "1384 LOC100288798"
[1] "1385 PLEKHA8P1"
[1] "1386 RACGAP1P"
[1] "1387 SCAF11"
[1] "1388 SLC38A1"
[1] "1389 SLC38A2"
[1] "1390 SLC38A4"
[1] "1391 ABCB9"
[1] "1392 ARL6IP4"
[1] "1393 ATP6V0A2"
[1] "1394 B3GNT4"
[1] "1395 BCL7A"
[1] "1396 C12orf65"
[1] "1397 CCDC62"
[1] "1398 CDK2AP1"
[1] "1399 CLIP1"
[1] "1400 CLIP1-AS1"
[1] "1401 DDX55"
[1] "1402 DENR"
[1] "1403 DIABLO"
[1] "1404 DNAH10"
[1] "1405 EIF2B1"
[1] "1406 GTF2H3"
[1] "1407 HCAR1"
[1] "1408 HCAR2"
[1] "1409 HCAR3"
[1] "1410 HIP1R"
[1] "1411 IL31"
[1] "1412 KMT5A"
[1] "1413 KNTC1"
[1] "1414 LOC100506691"
[1] "1415 LOC101593348"
[1] "1416 LRRC43"
[1] "1417 MIR3908"
[1] "1418 MIR4304"
[1] "1419 MIR8072"
[1] "1420 MIR9902-1"
[1] "1421 MIR9902-2"
[1] "1422 MLXIP"
[1] "1423 MPHOSPH9"
[1] "1424 OGFOD2"
[1] "1425 PITPNM2"
[1] "1426 PITPNM2-AS1"
[1] "1427 PSMD9"
[1] "1428 RILPL1"
[1] "1429 RILPL2"
[1] "1430 RSRC2"
[1] "1431 SBNO1"
[1] "1432 SBNO1-AS1"
[1] "1433 SNORA9B"
[1] "1434 SNRNP35"
[1] "1435 TCTN2"
[1] "1436 TMED2"
[1] "1437 TMED2-DT"
[1] "1438 VPS33A"
[1] "1439 VPS37B"
[1] "1440 WDR66"
[1] "1441 ZCCHC8"
[1] "1442 ANHX"
[1] "1443 ANKLE2"
[1] "1444 CHFR"
[1] "1445 DDX51"
[1] "1446 EP400"
[1] "1447 EP400P1"
[1] "1448 FBRSL1"
[1] "1449 GALNT9"
[1] "1450 GOLGA3"
[1] "1451 LINC02361"
[1] "1452 LINC02414"
[1] "1453 LOC100130238"
[1] "1454 LOC101928416"
[1] "1455 LOC101928530"
[1] "1456 LOC101928597"
[1] "1457 LRCOL1"
[1] "1458 MIR6763"
[1] "1459 MMP17"
[1] "1460 NOC4L"
[1] "1461 P2RX2"
[1] "1462 PGAM5"
[1] "1463 POLE"
[1] "1464 PUS1"
[1] "1465 PXMP2"
[1] "1466 SFSWAP"
[1] "1467 SNORA49"
[1] "1468 ULK1"
[1] "1469 ZNF10"
[1] "1470 ZNF140"
[1] "1471 ZNF26"
[1] "1472 ZNF268"
[1] "1473 ZNF605"
[1] "1474 ZNF84"
[1] "1475 ZNF891"
[1] "1476 ARL11"
[1] "1477 CAB39L"
[1] "1478 CDADC1"
[1] "1479 CTAGE10P"
[1] "1480 CYSLTR2"
[1] "1481 DLEU1"
[1] "1482 DLEU2"
[1] "1483 EBPL"
[1] "1484 FNDC3A"
[1] "1485 KCNRG"
[1] "1486 KPNA3"
[1] "1487 LINC00462"
[1] "1488 LOC105370203"
[1] "1489 LPAR6"
[1] "1490 MIR15A"
[1] "1491 MIR16-1"
[1] "1492 MIR3613"
[1] "1493 MLNR"
[1] "1494 PHF11"
[1] "1495 RB1"
[1] "1496 RCBTB1"
[1] "1497 RCBTB2"
[1] "1498 SETDB2"
[1] "1499 SETDB2-PHF11"
[1] "1500 SPRYD7"
[1] "1501 ST13P4"
[1] "1502 TRIM13"
[1] "1503 FARP1"
[1] "1504 HS6ST3"
[1] "1505 IPO5"
[1] "1506 LINC00359"
[1] "1507 LINC00456"
[1] "1508 MBNL2"
[1] "1509 MIR3170"
[1] "1510 MIR4501"
[1] "1511 OXGR1"
[1] "1512 RAP2A"
[1] "1513 RNF113B"
[1] "1514 CLEC14A"
[1] "1515 FOXA1"
[1] "1516 LINC00517"
[1] "1517 MIPOL1"
[1] "1518 MIR4503"
[1] "1519 NKX2-1"
[1] "1520 NKX2-1-AS1"
[1] "1521 NKX2-8"
[1] "1522 PAX9"
[1] "1523 SLC25A21"
[1] "1524 SLC25A21-AS1"
[1] "1525 SSTR1"
[1] "1526 TTC6"
[1] "1527 ATG14"
[1] "1528 BMP4"
[1] "1529 CDKN3"
[1] "1530 CGRRF1"
[1] "1531 CNIH1"
[1] "1532 DLGAP5"
[1] "1533 FBXO34"
[1] "1534 GCH1"
[1] "1535 GMFB"
[1] "1536 KTN1"
[1] "1537 KTN1-AS1"
[1] "1538 LGALS3"
[1] "1539 LINC00520"
[1] "1540 MAPK1IP1L"
[1] "1541 MIR4308"
[1] "1542 MIR5580"
[1] "1543 RPL13AP3"
[1] "1544 SAMD4A"
[1] "1545 SOCS4"
[1] "1546 TBPL2"
[1] "1547 WDHD1"
[1] "1548 ABCD4"
[1] "1549 ACYP1"
[1] "1550 ALDH6A1"
[1] "1551 AREL1"
[1] "1552 BATF"
[1] "1553 BBOF1"
[1] "1554 COQ6"
[1] "1555 DLST"
[1] "1556 EIF2B2"
[1] "1557 ENTPD5"
[1] "1558 ERG28"
[1] "1559 FAM161B"
[1] "1560 FCF1"
[1] "1561 FLVCR2"
[1] "1562 FOS"
[1] "1563 ISCA2"
[1] "1564 JDP2"
[1] "1565 LIN52"
[1] "1566 LINC01220"
[1] "1567 LOC102724153"
[1] "1568 LTBP2"
[1] "1569 MIR4709"
[1] "1570 MLH3"
[1] "1571 NEK9"
[1] "1572 NPC2"
[1] "1573 PGF"
[1] "1574 PROX2"
[1] "1575 RPS6KL1"
[1] "1576 SYNDIG1L"
[1] "1577 TMED10"
[1] "1578 TTLL5"
[1] "1579 VRTN"
[1] "1580 VSX2"
[1] "1581 YLPM1"
[1] "1582 ZC2HC1C"
[1] "1583 ZNF410"
[1] "1584 EML5"
[1] "1585 GALC"
[1] "1586 GPR65"
[1] "1587 KCNK10"
[1] "1588 LINC01146"
[1] "1589 LINC01147"
[1] "1590 LINC02330"
[1] "1591 PTPN21"
[1] "1592 SPATA7"
[1] "1593 TTC8"
[1] "1594 ZC3H14"
[1] "1595 C2CD4A"
[1] "1596 C2CD4B"
[1] "1597 GOLGA2P11"
[1] "1598 LINC02349"
[1] "1599 LOC101928907"
[1] "1600 LOC107984784"
[1] "1601 MGC15885"
[1] "1602 MIR6085"
[1] "1603 MIR8067"
[1] "1604 RORA"
[1] "1605 TLN2"
[1] "1606 VPS13C"
[1] "1607 ABCC6P1"
[1] "1608 ARL6IP1"
[1] "1609 CCP110"
[1] "1610 CLEC19A"
[1] "1611 COQ7"
[1] "1612 GDE1"
[1] "1613 GPR139"
[1] "1614 GPRC5B"
[1] "1615 IQCK"
[1] "1616 ITPRIPL2"
[1] "1617 KNOP1"
[1] "1618 LOC100288162"
[1] "1619 LOC102723385"
[1] "1620 MIR3179-1"
[1] "1621 MIR3179-2"
[1] "1622 MIR3179-3"
[1] "1623 MIR3179-4"
[1] "1624 MIR3180-1"
[1] "1625 MIR3180-2"
[1] "1626 MIR3180-3"
[1] "1627 MIR3670-1"
[1] "1628 MIR3670-2"
[1] "1629 MIR3670-3"
[1] "1630 MIR3670-4"
[1] "1631 MIR6511A1"
[1] "1632 MIR6511A2"
[1] "1633 MIR6511A3"
[1] "1634 MIR6511A4"
[1] "1635 MIR6770-1"
[1] "1636 MIR6770-2"
[1] "1637 MIR6770-3"
[1] "1638 NOMO2"
[1] "1639 NPIPA7"
[1] "1640 NPIPA8"
[1] "1641 PKD1P4-NPIPA8"
[1] "1642 PKD1P5-LOC105376752"
[1] "1643 RPS15A"
[1] "1644 SMG1"
[1] "1645 SYT17"
[1] "1646 TMC5"
[1] "1647 TMC7"
[1] "1648 VPS35L"
[1] "1649 APOBR"
[1] "1650 ASPHD1"
[1] "1651 ATP2A1"
[1] "1652 ATP2A1-AS1"
[1] "1653 ATXN2L"
[1] "1654 BOLA2"
[1] "1655 BOLA2B"
[1] "1656 BOLA2-SMG1P6"
[1] "1657 C16orf54"
[1] "1658 CD19"
[1] "1659 CDIPT"
[1] "1660 CDIPTOSP"
[1] "1661 CLN3"
[1] "1662 EIF3C"
[1] "1663 EIF3CL"
[1] "1664 GSG1L"
[1] "1665 IL27"
[1] "1666 KCTD13"
[1] "1667 KIF22"
[1] "1668 LAT"
[1] "1669 LOC388242"
[1] "1670 LOC606724"
[1] "1671 LOC613038"
[1] "1672 MAZ"
[1] "1673 MIR3680-1"
[1] "1674 MIR3680-2"
[1] "1675 MIR4517"
[1] "1676 MIR4721"
[1] "1677 MIR6862-1"
[1] "1678 MIR6862-2"
[1] "1679 MVP"
[1] "1680 NFATC2IP"
[1] "1681 NPIPB11"
[1] "1682 NPIPB12"
[1] "1683 NPIPB6"
[1] "1684 NPIPB8"
[1] "1685 NPIPB9"
[1] "1686 NUPR1"
[1] "1687 PAGR1"
[1] "1688 PRRT2"
[1] "1689 QPRT"
[1] "1690 RABEP2"
[1] "1691 RRN3P2"
[1] "1692 SBK1"
[1] "1693 SEZ6L2"
[1] "1694 SGF29"
[1] "1695 SH2B1"
[1] "1696 SLX1A"
[1] "1697 SLX1A-SULT1A3"
[1] "1698 SLX1B"
[1] "1699 SLX1B-SULT1A4"
[1] "1700 SMG1P2"
[1] "1701 SMG1P6"
[1] "1702 SNX29P2"
[1] "1703 SPN"
[1] "1704 SPNS1"
[1] "1705 SULT1A1"
[1] "1706 SULT1A2"
[1] "1707 SULT1A3"
[1] "1708 SULT1A4"
[1] "1709 TUFM"
[1] "1710 XPO6"
[1] "1711 ZG16"
[1] "1712 AHSP"
[1] "1713 ALDOA"
[1] "1714 ARMC5"
[1] "1715 BCKDK"
[1] "1716 BCL7C"
[1] "1717 BOLA2"
[1] "1718 BOLA2B"
[1] "1719 C16orf58"
[1] "1720 C16orf92"
[1] "1721 CCDC189"
[1] "1722 CD2BP2"
[1] "1723 CLUHP3"
[1] "1724 CORO1A"
[1] "1725 COX6A2"
[1] "1726 CTF1"
[1] "1727 DCTPP1"
[1] "1728 DOC2A"
[1] "1729 FBRS"
[1] "1730 FBXL19"
[1] "1731 FBXL19-AS1"
[1] "1732 FRG2KP"
[1] "1733 FUS"
[1] "1734 GDPD3"
[1] "1735 HIRIP3"
[1] "1736 HSD3B7"
[1] "1737 INO80E"
[1] "1738 ITGAD"
[1] "1739 ITGAL"
[1] "1740 ITGAM"
[1] "1741 ITGAX"
[1] "1742 KAT8"
[1] "1743 LINC02190"
[1] "1744 LOC101928595"
[1] "1745 LOC112694756"
[1] "1746 LOC388242"
[1] "1747 LOC606724"
[1] "1748 LOC613038"
[1] "1749 LOC730183"
[1] "1750 MAPK3"
[1] "1751 MIR4518"
[1] "1752 MIR4519"
[1] "1753 MIR762"
[1] "1754 MIR762HG"
[1] "1755 MYLPF"
[1] "1756 NPIPB12"
[1] "1757 NPIPB13"
[1] "1758 ORAI3"
[1] "1759 PHKG2"
[1] "1760 PPP4C"
[1] "1761 PRR14"
[1] "1762 PRSS36"
[1] "1763 PRSS53"
[1] "1764 PRSS8"
[1] "1765 PYCARD"
[1] "1766 PYCARD-AS1"
[1] "1767 PYDC1"
[1] "1768 RNF40"
[1] "1769 SEPHS2"
[1] "1770 SEPTIN1"
[1] "1771 SETD1A"
[1] "1772 SLC5A2"
[1] "1773 SLX1A"
[1] "1774 SLX1A-SULT1A3"
[1] "1775 SLX1B"
[1] "1776 SLX1B-SULT1A4"
[1] "1777 SMG1P5"
[1] "1778 SNORA30"
[1] "1779 SNORA80C"
[1] "1780 SRCAP"
[1] "1781 STX1B"
[1] "1782 STX4"
[1] "1783 SULT1A3"
[1] "1784 SULT1A4"
[1] "1785 TAOK2"
[1] "1786 TBC1D10B"
[1] "1787 TBX6"
[1] "1788 TGFB1I1"
[1] "1789 TLCD3B"
[1] "1790 TMEM219"
[1] "1791 TMEM265"
[1] "1792 TRIM72"
[1] "1793 VKORC1"
[1] "1794 VN1R3"
[1] "1795 YBX3P1"
[1] "1796 YPEL3"
[1] "1797 ZNF267"
[1] "1798 ZNF48"
[1] "1799 ZNF629"
[1] "1800 ZNF646"
[1] "1801 ZNF668"
[1] "1802 ZNF688"
[1] "1803 ZNF689"
[1] "1804 ZNF720"
[1] "1805 ZNF747"
[1] "1806 ZNF764"
[1] "1807 ZNF768"
[1] "1808 ZNF771"
[1] "1809 ZNF785"
[1] "1810 ZNF843"
[1] "1811 ADCY7"
[1] "1812 BRD7"
[1] "1813 CNEP1R1"
[1] "1814 CYLD"
[1] "1815 HEATR3"
[1] "1816 LINC02127"
[1] "1817 LINC02168"
[1] "1818 LINC02178"
[1] "1819 LOC101927272"
[1] "1820 MIR3181"
[1] "1821 MIR6771"
[1] "1822 NKD1"
[1] "1823 NOD2"
[1] "1824 SALL1"
[1] "1825 SNX20"
[1] "1826 TENT4B"
[1] "1827 ZNF423"
[1] "1828 AKTIP"
[1] "1829 C16orf97"
[1] "1830 CASC16"
[1] "1831 CASC22"
[1] "1832 CHD9"
[1] "1833 LINC00919"
[1] "1834 LINC01571"
[1] "1835 LINC02180"
[1] "1836 LOC102723373"
[1] "1837 LOC105371267"
[1] "1838 LOC643802"
[1] "1839 RBL2"
[1] "1840 RPGRIP1L"
[1] "1841 TOX3"
[1] "1842 AKTIP"
[1] "1843 C16orf97"
[1] "1844 CASC16"
[1] "1845 CASC22"
[1] "1846 CHD9"
[1] "1847 FTO"
[1] "1848 LINC00919"
[1] "1849 LINC02180"
[1] "1850 LOC102723373"
[1] "1851 LOC105371267"
[1] "1852 LOC643802"
[1] "1853 RBL2"
[1] "1854 RPGRIP1L"
[1] "1855 TOX3"
[1] "1856 ACADVL"
[1] "1857 ACAP1"
[1] "1858 ALOX12"
[1] "1859 ALOX12-AS1"
[1] "1860 ALOX12B"
[1] "1861 ALOX12P2"
[1] "1862 ALOX15B"
[1] "1863 ALOX15P1"
[1] "1864 ALOXE3"
[1] "1865 ARHGEF15"
[1] "1866 ASGR1"
[1] "1867 ASGR2"
[1] "1868 ATP1B2"
[1] "1869 AURKB"
[1] "1870 BCL6B"
[1] "1871 BORCS6"
[1] "1872 C17orf100"
[1] "1873 C17orf49"
[1] "1874 CD68"
[1] "1875 CHD3"
[1] "1876 CHRNB1"
[1] "1877 CLDN7"
[1] "1878 CLEC10A"
[1] "1879 CNTROB"
[1] "1880 CTC1"
[1] "1881 CTDNEP1"
[1] "1882 CYB5D1"
[1] "1883 DLG4"
[1] "1884 DNAH2"
[1] "1885 DVL2"
[1] "1886 EFNB3"
[1] "1887 EIF4A1"
[1] "1888 EIF5A"
[1] "1889 ELP5"
[1] "1890 FBXO39"
[1] "1891 FGF11"
[1] "1892 FXR2"
[1] "1893 GABARAP"
[1] "1894 GPS2"
[1] "1895 GUCY2D"
[1] "1896 HES7"
[1] "1897 KCNAB3"
[1] "1898 KCTD11"
[1] "1899 KDM6B"
[1] "1900 KIAA0753"
[1] "1901 KRBA2"
[1] "1902 LINC00324"
[1] "1903 LOC100128288"
[1] "1904 LOC100996842"
[1] "1905 MED31"
[1] "1906 MIR195"
[1] "1907 MIR324"
[1] "1908 MIR4314"
[1] "1909 MIR4520-1"
[1] "1910 MIR4520-2"
[1] "1911 MIR4521"
[1] "1912 MIR497"
[1] "1913 MIR497HG"
[1] "1914 MIR6883"
[1] "1915 MPDU1"
[1] "1916 NAA38"
[1] "1917 NDEL1"
[1] "1918 NEURL4"
[1] "1919 NLGN2"
[1] "1920 ODF4"
[1] "1921 PER1"
[1] "1922 PFAS"
[1] "1923 PHF23"
[1] "1924 PITPNM3"
[1] "1925 PLSCR3"
[1] "1926 POLR2A"
[1] "1927 RANGRF"
[1] "1928 RNASEK"
[1] "1929 RNASEK-C17orf49"
[1] "1930 RNF222"
[1] "1931 RNF227"
[1] "1932 RPL26"
[1] "1933 RPL29P2"
[1] "1934 SAT2"
[1] "1935 SCARNA21"
[1] "1936 SENP3"
[1] "1937 SENP3-EIF4A1"
[1] "1938 SHBG"
[1] "1939 SLC13A5"
[1] "1940 SLC16A11"
[1] "1941 SLC16A13"
[1] "1942 SLC25A35"
[1] "1943 SLC2A4"
[1] "1944 SLC35G6"
[1] "1945 SNORA48"
[1] "1946 SNORA67"
[1] "1947 SNORD10"
[1] "1948 SNORD118"
[1] "1949 SOX15"
[1] "1950 SPEM1"
[1] "1951 SPEM2"
[1] "1952 SPEM3"
[1] "1953 TEKT1"
[1] "1954 TMEM102"
[1] "1955 TMEM107"
[1] "1956 TMEM256"
[1] "1957 TMEM256-PLSCR3"
[1] "1958 TMEM88"
[1] "1959 TMEM95"
[1] "1960 TNFSF12"
[1] "1961 TNFSF12-TNFSF13"
[1] "1962 TNFSF13"
[1] "1963 TNK1"
[1] "1964 TP53"
[1] "1965 TRAPPC1"
[1] "1966 TXNDC17"
[1] "1967 VAMP2"
[1] "1968 WRAP53"
[1] "1969 XAF1"
[1] "1970 YBX2"
[1] "1971 ZBTB4"
[1] "1972 AARSD1"
[1] "1973 ACLY"
[1] "1974 AOC2"
[1] "1975 AOC3"
[1] "1976 AOC4P"
[1] "1977 ARL4D"
[1] "1978 ATP6V0A1"
[1] "1979 BECN1"
[1] "1980 BRCA1"
[1] "1981 C17orf113"
[1] "1982 CAVIN1"
[1] "1983 CCDC200"
[1] "1984 CCR10"
[1] "1985 CNP"
[1] "1986 CNTD1"
[1] "1987 CNTNAP1"
[1] "1988 COA3"
[1] "1989 COASY"
[1] "1990 DHX58"
[1] "1991 DHX8"
[1] "1992 DNAJC7"
[1] "1993 EIF1"
[1] "1994 ETV4"
[1] "1995 EZH1"
[1] "1996 FKBP10"
[1] "1997 G6PC"
[1] "1998 GAST"
[1] "1999 GHDC"
[1] "2000 HAP1"
[1] "2001 HCRT"
[1] "2002 HSD17B1"
[1] "2003 HSPB9"
[1] "2004 IFI35"
[1] "2005 JUP"
[1] "2006 KAT2A"
[1] "2007 KCNH4"
[1] "2008 KLHL10"
[1] "2009 KLHL11"
[1] "2010 KRT14"
[1] "2011 KRT16"
[1] "2012 KRT17"
[1] "2013 KRT42P"
[1] "2014 LINC00671"
[1] "2015 LINC00910"
[1] "2016 LOC101929767"
[1] "2017 LOC108783654"
[1] "2018 MEOX1"
[1] "2019 MIR2117"
[1] "2020 MIR2117HG"
[1] "2021 MIR5010"
[1] "2022 MIR548AT"
[1] "2023 MIR6780A"
[1] "2024 MIR6781"
[1] "2025 MLX"
[1] "2026 NAGLU"
[1] "2027 NBR1"
[1] "2028 NBR2"
[1] "2029 NKIRAS2"
[1] "2030 NT5C3B"
[1] "2031 P3H4"
[1] "2032 PLEKHH3"
[1] "2033 PSMC3IP"
[1] "2034 PSME3"
[1] "2035 PTGES3L"
[1] "2036 PTGES3L-AARSD1"
[1] "2037 RAB5C"
[1] "2038 RAMP2"
[1] "2039 RAMP2-AS1"
[1] "2040 RETREG3"
[1] "2041 RND2"
[1] "2042 RPL27"
[1] "2043 RUNDC1"
[1] "2044 STAT3"
[1] "2045 STAT5A"
[1] "2046 STAT5B"
[1] "2047 TMEM106A"
[1] "2048 TTC25"
[1] "2049 TUBG1"
[1] "2050 TUBG2"
[1] "2051 VAT1"
[1] "2052 VPS25"
[1] "2053 WNK4"
[1] "2054 ZNF385C"
[1] "2055 ACBD4"
[1] "2056 ADAM11"
[1] "2057 ARL4D"
[1] "2058 ASB16"
[1] "2059 ASB16-AS1"
[1] "2060 ATXN7L3"
[1] "2061 C17orf53"
[1] "2062 C1QL1"
[1] "2063 CCDC103"
[1] "2064 CCDC200"
[1] "2065 CCDC43"
[1] "2066 CD300LG"
[1] "2067 CFAP97D1"
[1] "2068 DBF4B"
[1] "2069 DCAKD"
[1] "2070 DHX8"
[1] "2071 DUSP3"
[1] "2072 EFTUD2"
[1] "2073 ETV4"
[1] "2074 FAM171A2"
[1] "2075 FAM187A"
[1] "2076 FAM215A"
[1] "2077 FMNL1"
[1] "2078 FZD2"
[1] "2079 G6PC3"
[1] "2080 GFAP"
[1] "2081 GJC1"
[1] "2082 GPATCH8"
[1] "2083 GRN"
[1] "2084 HDAC5"
[1] "2085 HEXIM1"
[1] "2086 HEXIM2"
[1] "2087 HIGD1B"
[1] "2088 ITGA2B"
[1] "2089 KIF18B"
[1] "2090 LINC00910"
[1] "2091 LINC01180"
[1] "2092 LINC01976"
[1] "2093 LOC101929767"
[1] "2094 LOC105371789"
[1] "2095 LOC105371795"
[1] "2096 LOC339192"
[1] "2097 LSM12"
[1] "2098 MAP3K14"
[1] "2099 MAP3K14-AS1"
[1] "2100 MEIOC"
[1] "2101 MEOX1"
[1] "2102 MIR2117"
[1] "2103 MIR2117HG"
[1] "2104 MIR6782"
[1] "2105 MIR6783"
[1] "2106 MIR6784"
[1] "2107 MPP2"
[1] "2108 MPP3"
[1] "2109 NAGS"
[1] "2110 NBR1"
[1] "2111 NBR2"
[1] "2112 NMT1"
[1] "2113 PLCD3"
[1] "2114 PPY"
[1] "2115 PYY"
[1] "2116 RUNDC3A"
[1] "2117 RUNDC3A-AS1"
[1] "2118 SLC25A39"
[1] "2119 SLC4A1"
[1] "2120 SOST"
[1] "2121 SPATA32"
[1] "2122 TMEM101"
[1] "2123 TMEM106A"
[1] "2124 TMUB2"
[1] "2125 UBTF"
[1] "2126 ACBD4"
[1] "2127 ADAM11"
[1] "2128 ARHGAP27"
[1] "2129 ARL17A"
[1] "2130 ARL17B"
[1] "2131 C1QL1"
[1] "2132 CCDC103"
[1] "2133 CCDC43"
[1] "2134 CRHR1"
[1] "2135 DBF4B"
[1] "2136 DCAKD"
[1] "2137 EFTUD2"
[1] "2138 FAM187A"
[1] "2139 FMNL1"
[1] "2140 GFAP"
[1] "2141 GJC1"
[1] "2142 HEXIM1"
[1] "2143 HEXIM2"
[1] "2144 HIGD1B"
[1] "2145 KANSL1"
[1] "2146 KANSL1-AS1"
[1] "2147 KIF18B"
[1] "2148 LINC02210"
[1] "2149 LINC02210-CRHR1"
[1] "2150 LOC105371795"
[1] "2151 LOC339192"
[1] "2152 LRRC37A"
[1] "2153 LRRC37A2"
[1] "2154 LRRC37A4P"
[1] "2155 MAP3K14"
[1] "2156 MAP3K14-AS1"
[1] "2157 MAPK8IP1P2"
[1] "2158 MAPT"
[1] "2159 MAPT-AS1"
[1] "2160 MAPT-IT1"
[1] "2161 MEIOC"
[1] "2162 MIR4315-1"
[1] "2163 MIR4315-2"
[1] "2164 MIR6783"
[1] "2165 MIR6784"
[1] "2166 NMT1"
[1] "2167 NSF"
[1] "2168 NSFP1"
[1] "2169 PLCD3"
[1] "2170 PLEKHM1"
[1] "2171 SPATA32"
[1] "2172 SPPL2C"
[1] "2173 STH"
[1] "2174 ARL17A"
[1] "2175 ARL17B"
[1] "2176 CDC27"
[1] "2177 CRHR1"
[1] "2178 EFCAB13"
[1] "2179 GOSR2"
[1] "2180 ITGB3"
[1] "2181 KANSL1"
[1] "2182 KANSL1-AS1"
[1] "2183 KPNB1"
[1] "2184 LINC02210-CRHR1"
[1] "2185 LRRC37A"
[1] "2186 LRRC37A2"
[1] "2187 MAPT"
[1] "2188 MAPT-AS1"
[1] "2189 MAPT-IT1"
[1] "2190 MIR5089"
[1] "2191 MRPL45P2"
[1] "2192 MYL4"
[1] "2193 NPEPPS"
[1] "2194 NSF"
[1] "2195 NSFP1"
[1] "2196 RPRML"
[1] "2197 SPPL2C"
[1] "2198 STH"
[1] "2199 TBKBP1"
[1] "2200 TBX21"
[1] "2201 THCAT158"
[1] "2202 WNT3"
[1] "2203 WNT9B"
[1] "2204 BCAS3"
[1] "2205 BRIP1"
[1] "2206 C17orf82"
[1] "2207 EFCAB3"
[1] "2208 INTS2"
[1] "2209 LOC101927855"
[1] "2210 LOC101927877"
[1] "2211 LOC105371855"
[1] "2212 MARCH10"
[1] "2213 MED13"
[1] "2214 METTL2A"
[1] "2215 MRC2"
[1] "2216 NACA2"
[1] "2217 TBC1D3P2"
[1] "2218 TBX2"
[1] "2219 TBX2-AS1"
[1] "2220 TBX4"
[1] "2221 TLK2"
[1] "2222 AFMID"
[1] "2223 BIRC5"
[1] "2224 C17orf99"
[1] "2225 C1QTNF1"
[1] "2226 C1QTNF1-AS1"
[1] "2227 CANT1"
[1] "2228 CEP295NL"
[1] "2229 CYTH1"
[1] "2230 DNAH17"
[1] "2231 DNAH17-AS1"
[1] "2232 ENGASE"
[1] "2233 LGALS3BP"
[1] "2234 LINC01973"
[1] "2235 LINC01987"
[1] "2236 LINC01993"
[1] "2237 LOC100507351"
[1] "2238 LOC101928674"
[1] "2239 LOC400622"
[1] "2240 PGS1"
[1] "2241 RBFOX3"
[1] "2242 SCAT1"
[1] "2243 SEPTIN9"
[1] "2244 SOCS3"
[1] "2245 SYNGR2"
[1] "2246 TIMP2"
[1] "2247 TK1"
[1] "2248 TMC6"
[1] "2249 TMC8"
[1] "2250 TMEM235"
[1] "2251 TNRC6C"
[1] "2252 TNRC6C-AS1"
[1] "2253 USP36"
[1] "2254 ASXL3"
[1] "2255 CCDC178"
[1] "2256 DTNA"
[1] "2257 KLHL14"
[1] "2258 NOL4"
[1] "2259 LINC00907"
[1] "2260 RIT2"
[1] "2261 SYT4"
[1] "2262 CFAP53"
[1] "2263 CXXC1"
[1] "2264 ELAC1"
[1] "2265 LINC01630"
[1] "2266 MAPK4"
[1] "2267 MBD1"
[1] "2268 ME2"
[1] "2269 MEX3C"
[1] "2270 MRO"
[1] "2271 MYO5B"
[1] "2272 SKA1"
[1] "2273 SMAD4"
[1] "2274 ABHD17A"
[1] "2275 ADAMTSL5"
[1] "2276 ADAT3"
[1] "2277 AMH"
[1] "2278 AP3D1"
[1] "2279 APC2"
[1] "2280 ATP8B3"
[1] "2281 BTBD2"
[1] "2282 C19orf25"
[1] "2283 CELF5"
[1] "2284 CSNK1G2"
[1] "2285 CSNK1G2-AS1"
[1] "2286 DAZAP1"
[1] "2287 DIRAS1"
[1] "2288 DOT1L"
[1] "2289 GADD45B"
[1] "2290 GAMT"
[1] "2291 GNA11"
[1] "2292 GNA15"
[1] "2293 GNG7"
[1] "2294 IZUMO4"
[1] "2295 JSRP1"
[1] "2296 KLF16"
[1] "2297 LINC01775"
[1] "2298 LINGO3"
[1] "2299 LMNB2"
[1] "2300 LOC100288123"
[1] "2301 LOC100996351"
[1] "2302 LSM7"
[1] "2303 MBD3"
[1] "2304 MEX3D"
[1] "2305 MIR1227"
[1] "2306 MIR1909"
[1] "2307 MIR4321"
[1] "2308 MIR6789"
[1] "2309 MIR7108"
[1] "2310 MIR7850"
[1] "2311 MKNK2"
[1] "2312 MOB3A"
[1] "2313 NCLN"
[1] "2314 NDUFS7"
[1] "2315 OAZ1"
[1] "2316 ONECUT3"
[1] "2317 PCSK4"
[1] "2318 PEAK3"
[1] "2319 PLEKHJ1"
[1] "2320 PLK5"
[1] "2321 PWWP3A"
[1] "2322 REEP6"
[1] "2323 REXO1"
[1] "2324 RPS15"
[1] "2325 S1PR4"
[1] "2326 SCAMP4"
[1] "2327 SF3A2"
[1] "2328 SGTA"
[1] "2329 SLC39A3"
[1] "2330 SPPL2B"
[1] "2331 TCF3"
[1] "2332 THOP1"
[1] "2333 TIMM13"
[1] "2334 TLE2"
[1] "2335 TLE5"
[1] "2336 TLE6"
[1] "2337 TMPRSS9"
[1] "2338 UQCR11"
[1] "2339 ZNF554"
[1] "2340 ZNF555"
[1] "2341 ZNF556"
[1] "2342 ZNF57"
[1] "2343 ZNF77"
[1] "2344 BMP2"
[1] "2345 CASC20"
[1] "2346 CDS2"
[1] "2347 CHGB"
[1] "2348 CRLS1"
[1] "2349 FERMT1"
[1] "2350 GPCPD1"
[1] "2351 LINC00654"
[1] "2352 LINC00658"
[1] "2353 LINC01713"
[1] "2354 LINC01729"
[1] "2355 LOC643406"
[1] "2356 LRRN4"
[1] "2357 MCM8"
[1] "2358 MCM8-AS1"
[1] "2359 PCNA"
[1] "2360 PCNA-AS1"
[1] "2361 PROKR2"
[1] "2362 SHLD1"
[1] "2363 TMEM230"
[1] "2364 TRMT6"
[1] "2365 CLDN14"
[1] "2366 DSCR10"
[1] "2367 DSCR4"
[1] "2368 DSCR8"
[1] "2369 DSCR9"
[1] "2370 DYRK1A"
[1] "2371 ERG"
[1] "2372 HLCS"
[1] "2373 KCNJ15"
[1] "2374 KCNJ6"
[1] "2375 LINC01423"
[1] "2376 LOC105372795"
[1] "2377 PIGP"
[1] "2378 RIPPLY3"
[1] "2379 SIM2"
[1] "2380 TTC3"
[1] "2381 TTC3-AS1"
[1] "2382 VPS26C"
[1] "2383 ADRA2A"
[1] "2384 BBIP1"
[1] "2385 DUSP5"
[1] "2386 GPAM"
[1] "2387 HEAT2"
[1] "2388 MIR4680"
[1] "2389 MIR548E"
[1] "2390 MXI1"
[1] "2391 PDCD4"
[1] "2392 PDCD4-AS1"
[1] "2393 RBM20"
[1] "2394 RPL13AP6"
[1] "2395 SHOC2"
[1] "2396 SMC3"
[1] "2397 SMNDC1"
[1] "2398 ABCA1"
[1] "2399 FKTN"
[1] "2400 FSD1L"
[1] "2401 NIPSNAP3A"
[1] "2402 NIPSNAP3B"
[1] "2403 OR13C2"
[1] "2404 OR13C3"
[1] "2405 OR13C4"
[1] "2406 OR13C5"
[1] "2407 OR13C8"
[1] "2408 OR13C9"
[1] "2409 OR13D1"
[1] "2410 OR13F1"
[1] "2411 RALGAPA1P1"
[1] "2412 SLC44A1"
[1] "2413 TAL2"
[1] "2414 TMEM38B"
[1] "2415 LOC101929109"
[1] "2416 F2RL2"
[1] "2417 NCRUPAR"
[1] "2418 SNORA47"
[1] "2419 HMGCR"
[1] "2420 ANKDD1B"
[1] "2421 LOC441087"
[1] "2422 IQGAP2"
[1] "2423 F2RL1"
[1] "2424 CRHBP"
[1] "2425 ZBED3"
[1] "2426 AGGF1"
[1] "2427 POLK"
[1] "2428 COL4A3BP"
[1] "2429 POC5"
[1] "2430 F2R"
[1] "2431 ZBED3-AS1"
[1] "2432 S100Z"
[1] "2433 PDE8B"
[1] "2434 SV2C"
[1] "2435 MIR3914-1"
[1] "2436 MIR3914-2"
[1] "2437 GALNT17"
[1] "2438 CALN1"
[1] "2439 AUTS2"
> 
> 
> #write the hit results to a file
> write.csv(search_hits %>% select("GWAS","LOC_NUM", "GENE", "Pubmed hits", "Pubmed hits gene only"), file = "results/PubmedHitsData.csv", row.names = FALSE)
> 
> 
> 
> #if there are five or more hits set the new "Literature Search" column to 1
> search_hits$'Literature Search' <- ifelse(as.numeric(search_hits$'Pubmed hits') >= 5, 1, 0)
> 
> #reselect the columns of search_hits to get the evidence data
> evidenceDF <- search_hits %>% select("GENE","GWAS", "LOC_NUM", "Literature Search")
> 
> #write evidence to file
> write.csv(evidenceDF, file = "evidence/evidence_literature.csv", row.names = FALSE)
> 
> proc.time()
    user   system  elapsed 
  56.167    9.362 2410.217 
